----------------------------------------------------------------
08.23.2018 11:51:54
----------------------------------------------------------------
Array
(
    [tm] => 23.88.2018 14:50:48
    [count] => 4
    [type0] => 0
    [state0] => 0
    [data0] => 32.23
    [type1] => 1
    [state1] => 1
    [data1] => 43.14
    [type2] => 3
    [state2] => 0
    [data2] => 1023
    [type3] => 2
    [state3] => 1
    [data3] => CLOSE
)
----------------------------------------------------------------
08.23.2018 11:53:15
----------------------------------------------------------------
Array
(
    [tm] => 23.88.2018 14:52:09
    [count] => 4
    [type0] => 0
    [state0] => 0
    [data0] => 32.89
    [type1] => 1
    [state1] => 1
    [data1] => 41.76
    [type2] => 3
    [state2] => 0
    [data2] => 1023
    [type3] => 2
    [state3] => 1
    [data3] => CLOSE
)
